<?xml version="1.0" encoding="UTF-8"?>
<testng-results ignored="0" total="2" passed="2" failed="0" skipped="0">
  <reporter-output>
  </reporter-output>
  <suite started-at="2020-10-04T12:18:29 IST" name="Default suite" finished-at="2020-10-04T12:18:31 IST" duration-ms="2046">
    <groups>
    </groups>
    <test started-at="2020-10-04T12:18:29 IST" name="Default test" finished-at="2020-10-04T12:18:31 IST" duration-ms="2046">
      <class name="testcase.TC001getreq">
        <test-method is-config="true" signature="setup()[pri:0, instance:testcase.TC001getreq@43301423]" started-at="2020-10-04T12:18:29 IST" name="setup" finished-at="2020-10-04T12:18:29 IST" duration-ms="133" status="PASS">
          <reporter-output>
          </reporter-output>
        </test-method> <!-- setup -->
        <test-method is-config="true" signature="getresponse()[pri:0, instance:testcase.TC001getreq@43301423]" started-at="2020-10-04T12:18:29 IST" name="getresponse" finished-at="2020-10-04T12:18:31 IST" duration-ms="1850" status="PASS">
          <reporter-output>
          </reporter-output>
        </test-method> <!-- getresponse -->
        <test-method signature="checkContentType()[pri:0, instance:testcase.TC001getreq@43301423]" started-at="2020-10-04T12:18:31 IST" name="checkContentType" finished-at="2020-10-04T12:18:31 IST" duration-ms="8" status="PASS">
          <reporter-output>
          </reporter-output>
        </test-method> <!-- checkContentType -->
        <test-method signature="checkResponseTime()[pri:0, instance:testcase.TC001getreq@43301423]" started-at="2020-10-04T12:18:31 IST" name="checkResponseTime" finished-at="2020-10-04T12:18:31 IST" duration-ms="2" status="PASS">
          <reporter-output>
          </reporter-output>
        </test-method> <!-- checkResponseTime -->
        <test-method is-config="true" signature="tearDown()[pri:0, instance:testcase.TC001getreq@43301423]" started-at="2020-10-04T12:18:31 IST" name="tearDown" finished-at="2020-10-04T12:18:31 IST" duration-ms="2" status="PASS">
          <reporter-output>
          </reporter-output>
        </test-method> <!-- tearDown -->
      </class> <!-- testcase.TC001getreq -->
    </test> <!-- Default test -->
  </suite> <!-- Default suite -->
</testng-results>
