<?xml version="1.0" encoding="UTF-8"?>
<testng-results ignored="0" total="2" passed="2" failed="0" skipped="0">
  <reporter-output>
  </reporter-output>
  <suite started-at="2020-10-06T20:56:02 IST" name="EmployeesRestAPISuite" finished-at="2020-10-06T20:56:03 IST" duration-ms="1726">
    <groups>
    </groups>
    <test started-at="2020-10-06T20:56:02 IST" name="EmployeesRestAPITest" finished-at="2020-10-06T20:56:03 IST" duration-ms="1726">
      <class name="testcase.TC001getreq">
        <test-method is-config="true" signature="setup()[pri:0, instance:testcase.TC001getreq@43301423]" started-at="2020-10-06T20:56:02 IST" name="setup" finished-at="2020-10-06T20:56:02 IST" duration-ms="66" status="PASS">
          <reporter-output>
          </reporter-output>
        </test-method> <!-- setup -->
        <test-method is-config="true" signature="getresponse()[pri:0, instance:testcase.TC001getreq@43301423]" started-at="2020-10-06T20:56:02 IST" name="getresponse" finished-at="2020-10-06T20:56:03 IST" duration-ms="1583" status="PASS">
          <reporter-output>
          </reporter-output>
        </test-method> <!-- getresponse -->
        <test-method signature="checkContentType()[pri:0, instance:testcase.TC001getreq@43301423]" started-at="2020-10-06T20:56:03 IST" name="checkContentType" finished-at="2020-10-06T20:56:03 IST" duration-ms="16" status="PASS">
          <reporter-output>
          </reporter-output>
        </test-method> <!-- checkContentType -->
        <test-method signature="checkResponseTime()[pri:0, instance:testcase.TC001getreq@43301423]" started-at="2020-10-06T20:56:03 IST" name="checkResponseTime" finished-at="2020-10-06T20:56:03 IST" duration-ms="5" status="PASS">
          <reporter-output>
          </reporter-output>
        </test-method> <!-- checkResponseTime -->
        <test-method is-config="true" signature="tearDown()[pri:0, instance:testcase.TC001getreq@43301423]" started-at="2020-10-06T20:56:03 IST" name="tearDown" finished-at="2020-10-06T20:56:03 IST" duration-ms="2" status="PASS">
          <reporter-output>
          </reporter-output>
        </test-method> <!-- tearDown -->
      </class> <!-- testcase.TC001getreq -->
    </test> <!-- EmployeesRestAPITest -->
  </suite> <!-- EmployeesRestAPISuite -->
</testng-results>
