<?xml version="1.0" encoding="UTF-8"?>
<!-- Generated by org.testng.reporters.JUnitXMLReporter -->
<testsuite ignored="1" hostname="LAPTOP-A3F9S563" failures="0" tests="8" name="EmployeesRestAPITest" time="4.319" errors="0" timestamp="2020-10-10T19:44:44 IST">
  <testcase classname="testcase.TC001getreq" name="checkContentType" time="0.006"/>
  <testcase classname="testcase.TC001getreq" name="checkResponseTime" time="0.001"/>
  <testcase classname="testcase.TC001getreq" name="checkid" time="0.001"/>
  <testcase classname="testcase.Request2" name="checkdata" time="0.602"/>
  <testcase classname="testcase.Request2" name="checkstatuscode" time="0.002"/>
  <testcase classname="testcase.Request2" name="printheader" time="0.002"/>
  <testcase classname="testcase.xmlreq" name="buildRequest" time="1.051"/>
  <testcase classname="testcase.xmlreq" name="validate" time="0.19"/>
  <testcase classname="testcase.Request2" name="checktime" time="0.0">
    <ignored/>
  </testcase> <!-- checktime -->
</testsuite> <!-- EmployeesRestAPITest -->
